Build started 2015/4/20 14:57:26.
     1>Project "D:\Program\C++\MetroNetwork\MetroNetwork\MetroNetwork.vcxproj" on node 2 (Build target(s)).
     1>ClCompile:
         D:\Program Files\Microsoft Visual Studio 12.0\VC\bin\CL.exe /c /Zi /nologo /W3 /WX- /sdl /O2 /Oi /Oy- /GL /D WIN32 /D NDEBUG /D _CONSOLE /D _LIB /D _UNICODE /D UNICODE /Gm- /EHsc /MD /GS /Gy /fp:precise /Zc:wchar_t /Zc:forScope /Yu"stdafx.h" /Fp"Release\MetroNetwork.pch" /Fo"Release\\" /Fd"Release\vc120.pdb" /Gd /TP /analyze- /errorReport:prompt MetroNetwork.cpp
         MetroNetwork.cpp
     1>MetroNetwork.cpp(8): error C2059: syntax error : 'namespace'
     1>MetroNetwork.cpp(8): error C2238: unexpected token(s) preceding ';'
     1>MetroNetwork.cpp(20): fatal error C1075: end of file found before the left brace '{' at 'd:\program\c++\metronetwork\metronetwork\Network.h(46)' was matched
     1>Done Building Project "D:\Program\C++\MetroNetwork\MetroNetwork\MetroNetwork.vcxproj" (Build target(s)) -- FAILED.

Build FAILED.

Time Elapsed 00:00:01.20
